<?xml version="1.0" encoding="UTF-8"?>
<!-- Generated by org.testng.reporters.JUnitReportReporter -->
<testsuite skipped="0" hostname="DEL-BBQ0PQ2" name="DemoTest" tests="4" failures="0" timestamp="28 Jul 2020 12:01:23 GMT" time="0.009" errors="0">
  <testcase name="sum" time="0.001" classname="DemoTest"/>
  <testcase name="divide" time="0.008" classname="DemoTest"/>
  <testcase name="multiply" time="0.000" classname="DemoTest"/>
  <testcase name="minus" time="0.000" classname="DemoTest"/>
</testsuite> <!-- DemoTest -->
