<?xml version="1.0" encoding="UTF-8"?>
<!-- Generated by org.testng.reporters.JUnitReportReporter -->
<testsuite skipped="0" hostname="DEL-BBQ0PQ2" name="DemoTestTwo" tests="4" failures="0" timestamp="28 Jul 2020 12:01:23 GMT" time="0.001" errors="0">
  <testcase name="multiply" time="0.000" classname="DemoTestTwo"/>
  <testcase name="divide" time="0.001" classname="DemoTestTwo"/>
  <testcase name="minus" time="0.000" classname="DemoTestTwo"/>
  <testcase name="sum" time="0.000" classname="DemoTestTwo"/>
</testsuite> <!-- DemoTestTwo -->
